INFO: localdir at /localscratch/30932196.davide.bolognini
INFO: your job will run on local system.
===================================================================
COSIGT Pipeline - Preprocessing Sample: HG00096
===================================================================
Configuration file: config/config.yaml
Threads: 8
Singularity cache: /group/soranzo/davide.bolognini/working/dev/cosigt_on_ukbb/singularity_cache
Singularity tmp: /tmp
===================================================================

Singularity bind paths: /group/soranzo/davide.bolognini/working/dev/cosigt_on_ukbb,/group/soranzo/davide.bolognini/working/dev/cosigt_on_ukbb/resources,/group/soranzo/davide.bolognini/working/dev/cosigt_on_ukbb/test,/project/ham/cosigt_paper/real_data/data/1000G_realigned/HG00096,/project/ham/cosigt_paper/real_data/data/1000G_realigned/HG00171,/tmp

[Step 1] Loading samtools container...
[Step 2] Finding alignment for sample: HG00096
  Found: resources/alignments/HG00096.cram
[Step 3] Extracting unmapped reads...
         Input: resources/alignments/HG00096.cram
         Output: /group/soranzo/davide.bolognini/working/dev/cosigt_on_ukbb/cosigt_ukbrap_small/samtools/fasta/HG00096/unmapped.fasta.gz
         Threads: 8


✓ Unmapped reads extracted successfully!
===================================================================
✓ Sample preprocessing complete for: HG00096

Unmapped reads: /group/soranzo/davide.bolognini/working/dev/cosigt_on_ukbb/cosigt_ukbrap_small/samtools/fasta/HG00096/unmapped.fasta.gz

===================================================================
