Looking to launch executable "/opt/bwa-mem2-2.2.1_x64-linux/bwa-mem2.avx512bw", simd = .avx512bw
Launching executable "/opt/bwa-mem2-2.2.1_x64-linux/bwa-mem2.avx512bw"
[bwa_index] Pack FASTA... 0.38 sec
* Entering FMI_search
init ticks = 4593900094
ref seq len = 105916898
binary seq ticks = 2544048022
build suffix-array ticks = 25791062490
pos: 13239613, ref_seq_len__: 13239612
build fm-index ticks = 7537496816
Total time taken: 14.8751

Found 1 command tree.

Counting 43 (estimated) million canonical 31-mers from 1 input file:
    sequence-file: /group/soranzo/davide.bolognini/working/dev/cosigt_on_ukbb/cosigt_ukbrap_small/alleles/chr1/chr1_103304997_103901127/chr1_103304997_103901127.fasta.gz


SIMPLE MODE
-----------

  Not possible.


COMPLEX MODE
------------

prefix     # of   struct   kmers/    segs/      min     data    total
  bits   prefix   memory   prefix   prefix   memory   memory   memory
------  -------  -------  -------  -------  -------  -------  -------
     1     2  P   338 kB    10 MM    20 kS  8192  B   165 MB   166 MB
     2     4  P   338 kB  5566 kM    10 kS    16 kB   163 MB   163 MB
     3     8  P   346 kB  2783 kM  5136  S    32 kB   160 MB   160 MB
     4    16  P   366 kB  1391 kM  2527  S    64 kB   157 MB   158 MB
     5    32  P   411 kB   695 kM  1242  S   128 kB   155 MB   155 MB
     6    64  P   506 kB   347 kM   609  S   256 kB   152 MB   152 MB
     7   128  P   704 kB   173 kM   300  S   512 kB   150 MB   150 MB
     8   256  P  1102 kB    86 kM   147  S  1024 kB   147 MB   148 MB
     9   512  P  1908 kB    43 kM    73  S  2048 kB   146 MB   147 MB
    10  1024  P  3520 kB    21 kM    36  S  4096 kB   144 MB   147 MB  Best Value!
    11  2048  P  6752 kB    10 kM    18  S  8192 kB   144 MB   150 MB
    12  4096  P    12 MB  5567  M     9  S    16 MB   144 MB   156 MB
    13  8192  P    25 MB  2784  M     5  S    32 MB   160 MB   185 MB
    14    16 kP    50 MB  1392  M     3  S    64 MB   192 MB   242 MB
    15    32 kP   101 MB   696  M     1  S   128 MB   128 MB   229 MB
    16    64 kP   202 MB   348  M     1  S   256 MB   256 MB   458 MB
    17   128 kP   405 MB   174  M     1  S   512 MB   512 MB   917 MB
    18   256 kP   810 MB    87  M     1  S  1024 MB  1024 MB  1834 MB
    19   512 kP  1620 MB    44  M     1  S  2048 MB  2048 MB  3668 MB
    20  1024 kP  3240 MB    22  M     1  S  4096 MB  4096 MB  7336 MB


FINAL CONFIGURATION
-------------------

Estimated to require 287 MB memory out of 16 GB allowed.
Estimated to require 2 batches.

Configured complex mode for 0.281 GB memory per batch, and up to 2 batches.

Start counting with THREADED method.
Used 0.275 GB / 15.938 GB to store      2097027 kmers; need 0.020 GB to sort       169955 kmers
Used 0.390 GB / 15.938 GB to store     20970177 kmers; need 0.042 GB to sort       351843 kmers
Used 0.494 GB / 15.938 GB to store     37746269 kmers; need 0.067 GB to sort       560540 kmers

Input complete.  Writing results to '/group/soranzo/davide.bolognini/working/dev/cosigt_on_ukbb/cosigt_ukbrap_small/meryl/chr1/chr1_103304997_103901127/chr1_103304997_103901127', using 8 threads.
finishIteration()--

Finished counting.

Cleaning up.

Bye.

Found 1 command tree.

PROCESSING TREE #1 using 8 threads.
  opDifference
    /group/soranzo/davide.bolognini/working/dev/cosigt_on_ukbb/cosigt_ukbrap_small/meryl/chr1/chr1_103304997_103901127/chr1_103304997_103901127
    /group/soranzo/davide.bolognini/working/dev/cosigt_on_ukbb/cosigt_ukbrap_small/meryl/reference
    output to /group/soranzo/davide.bolognini/working/dev/cosigt_on_ukbb/cosigt_ukbrap_small/meryl/chr1/chr1_103304997_103901127/chr1_103304997_103901127_unique

Cleaning up.

Bye.

Found 1 command tree.

PROCESSING TREE #1 using 8 threads.
  opLessThan
    /group/soranzo/davide.bolognini/working/dev/cosigt_on_ukbb/cosigt_ukbrap_small/meryl/chr1/chr1_103304997_103901127/chr1_103304997_103901127_unique
    print to (stdout)

Cleaning up.

Bye.
2026/02/11 10:20:36 Building hybrid index from /group/soranzo/davide.bolognini/working/dev/cosigt_on_ukbb/cosigt_ukbrap_small/meryl/chr1/chr1_103304997_103901127/chr1_103304997_103901127.unique_kmers.txt (k=31)...
82996 / 82996 [----------------------------------------------------------------] 100.00% ? p/s 100ms2026/02/11 10:20:36 Processed 82996 k-mers, 82996 unique, 0 duplicates
2026/02/11 10:20:36 Building hybrid index structures...
2026/02/11 10:20:37 Extracting 82996 k-mers for indexing...
2026/02/11 10:20:41 Fast index built: 82996 exact k-mers, 7699340 distance-1 variants
2026/02/11 10:20:41 Building Bloom filter...
2026/02/11 10:20:41 Bloom filter ready (2KB, 3 hash functions)
2026/02/11 10:20:41 Saving complete hybrid index to /group/soranzo/davide.bolognini/working/dev/cosigt_on_ukbb/cosigt_ukbrap_small/kfilt/index/chr1/chr1_103304997_103901127/chr1_103304997_103901127.kfilt.idx...
2026/02/11 10:20:41 Serializing hybrid index components...
2026/02/11 10:21:41 Index saved successfully (70.57 MB)
[2026-02-11T09:21:43Z INFO  panplexity] Parsing GFA file...
[2026-02-11T09:21:43Z INFO  panplexity] Analyzing 86 paths...
[2026-02-11T09:21:46Z INFO  panplexity] Automatic threshold calculation:
[2026-02-11T09:21:46Z INFO  panplexity]   Q1, Q3, IQR (Q3 - Q1), IQR multiplier: 1.0000, 1.0000, 0.0000, 1.5000
[2026-02-11T09:21:46Z INFO  panplexity]   Using threshold: 1.0000 (1.0000 - 1.5000 * 0.0000)
[2026-02-11T09:21:46Z INFO  panplexity] Identifying low-complexity regions...
[2026-02-11T09:21:46Z INFO  panplexity] Marked 2036 nodes as low-complexity
[2026-02-11T09:21:46Z INFO  panplexity] Writing boolean mask file...
[2026-02-11T09:21:46Z INFO  panplexity] Mask file written to: /group/soranzo/davide.bolognini/working/dev/cosigt_on_ukbb/cosigt_ukbrap_small/panplexity/chr1/chr1_103304997_103901127/chr1_103304997_103901127.mask.tsv
[2026-02-11T09:21:46Z INFO  panplexity] Done!

Attaching package: 'reshape2'

The following objects are masked from 'package:data.table':

    dcast, melt


Attaching package: 'dbscan'

The following object is masked from 'package:stats':

    as.dendrogram

x being coerced from class: matrix to data.table
[bam_sort_core] merging from 0 files and 8 in-memory blocks...
[M::bam2fq_mainloop] discarded 0 singletons
[M::bam2fq_mainloop] processed 133076 reads
2026/02/11 10:21:59 Input mode: Interleaved (mixed paired/single-end)
2026/02/11 10:21:59 Detected input format: FASTA
2026/02/11 10:21:59 Output format: FASTA
2026/02/11 10:21:59 Loading hybrid index from /group/soranzo/davide.bolognini/working/dev/cosigt_on_ukbb/cosigt_ukbrap_small/kfilt/index/chr1/chr1_103304997_103901127/chr1_103304997_103901127.kfilt.idx...
2026/02/11 10:22:03 Loaded hybrid index: 82996 exact k-mers, 7699340 variants, BK-tree with 82996 nodes
2026/02/11 10:22:03 Hybrid index ready: k=31, 82996 k-mers
2026/02/11 10:22:03 Output compression: enabled (level 6)
2026/02/11 10:22:03 Counting reads...
2026/02/11 10:22:05 Filtering mode: Combined matches for pairs
2026/02/11 10:22:05 Filtering reads (min_matches=1, hamming_dist=0, threads=8)
28649 / 1568257 [->__________________________________________________________________] 1.83% ? p/s ?57684 / 1568257 [-->_________________________________________________________________] 3.68% ? p/s ?86846 / 1568257 [--->________________________________________________________________] 5.54% ? p/s ?115776 / 1568257 [---->___________________________________________________] 7.38% 145247 p/s ETA 10s145022 / 1568257 [----->___________________________________________________] 9.25% 145247 p/s ETA 9s174197 / 1568257 [------>_________________________________________________] 11.11% 145247 p/s ETA 9s203707 / 1568257 [------->________________________________________________] 12.99% 145334 p/s ETA 9s232709 / 1568257 [-------->_______________________________________________] 14.84% 145334 p/s ETA 9s261737 / 1568257 [--------->______________________________________________] 16.69% 145334 p/s ETA 8s289929 / 1568257 [---------->_____________________________________________] 18.49% 145228 p/s ETA 8s319129 / 1568257 [----------->____________________________________________] 20.35% 145228 p/s ETA 8s348114 / 1568257 [------------>___________________________________________] 22.20% 145228 p/s ETA 8s377658 / 1568257 [------------->__________________________________________] 24.08% 145290 p/s ETA 8s407250 / 1568257 [-------------->_________________________________________] 25.97% 145290 p/s ETA 7s428755 / 1568257 [--------------->________________________________________] 27.34% 145290 p/s ETA 7s451400 / 1568257 [---------------->_______________________________________] 28.78% 143845 p/s ETA 7s480949 / 1568257 [----------------->______________________________________] 30.67% 143845 p/s ETA 7s510472 / 1568257 [------------------>_____________________________________] 32.55% 143845 p/s ETA 7s539751 / 1568257 [------------------->____________________________________] 34.42% 144068 p/s ETA 7s569099 / 1568257 [-------------------->___________________________________] 36.29% 144068 p/s ETA 6s598792 / 1568257 [--------------------->__________________________________] 38.18% 144068 p/s ETA 6s628364 / 1568257 [---------------------->_________________________________] 40.07% 144300 p/s ETA 6s657689 / 1568257 [----------------------->________________________________] 41.94% 144300 p/s ETA 6s687020 / 1568257 [------------------------>_______________________________] 43.81% 144300 p/s ETA 6s716715 / 1568257 [------------------------->______________________________] 45.70% 144492 p/s ETA 5s745906 / 1568257 [-------------------------->_____________________________] 47.56% 144492 p/s ETA 5s774624 / 1568257 [--------------------------->____________________________] 49.39% 144492 p/s ETA 5s803829 / 1568257 [---------------------------->___________________________] 51.26% 144535 p/s ETA 5s832970 / 1568257 [----------------------------->__________________________] 53.11% 144535 p/s ETA 5s862466 / 1568257 [------------------------------>_________________________] 55.00% 144535 p/s ETA 4s892417 / 1568257 [------------------------------->________________________] 56.91% 144735 p/s ETA 4s917408 / 1568257 [-------------------------------->_______________________] 58.50% 144735 p/s ETA 4s938402 / 1568257 [--------------------------------->______________________] 59.84% 144735 p/s ETA 4s968082 / 1568257 [---------------------------------->_____________________] 61.73% 143536 p/s ETA 4s997499 / 1568257 [----------------------------------->____________________] 63.61% 143536 p/s ETA 3s1027534 / 1568257 [------------------------------------>__________________] 65.52% 143536 p/s ETA 3s1057072 / 1568257 [------------------------------------->_________________] 67.40% 143842 p/s ETA 3s1086860 / 1568257 [-------------------------------------->________________] 69.30% 143842 p/s ETA 3s1116530 / 1568257 [--------------------------------------->_______________] 71.20% 143842 p/s ETA 3s1146032 / 1568257 [---------------------------------------->______________] 73.08% 144127 p/s ETA 2s1175556 / 1568257 [----------------------------------------->_____________] 74.96% 144127 p/s ETA 2s1205127 / 1568257 [------------------------------------------>____________] 76.84% 144127 p/s ETA 2s1222480 / 1568257 [-------------------------------------------->____________] 77.95% 147002 p/s 8.5s2026/02/11 10:22:14 
Filtering complete!
2026/02/11 10:22:14 Total reads: 1222480
2026/02/11 10:22:14   Paired reads: 345777
2026/02/11 10:22:14   Single reads: 876703
2026/02/11 10:22:14 Kept reads: 5 (0.00%)
2026/02/11 10:22:14 Filtered reads: 1222475 (100.00%)
2026/02/11 10:22:14 Elapsed time: 8.52s
2026/02/11 10:22:14 Throughput: 143540.73 reads/sec
Looking to launch executable "/opt/bwa-mem2-2.2.1_x64-linux/bwa-mem2.avx512bw", simd = .avx512bw
Launching executable "/opt/bwa-mem2-2.2.1_x64-linux/bwa-mem2.avx512bw"
-----------------------------
Executing in AVX512 mode!!
-----------------------------
* SA compression enabled with xfactor: 8
* Ref file: /group/soranzo/davide.bolognini/working/dev/cosigt_on_ukbb/cosigt_ukbrap_small/alleles/chr1/chr1_103304997_103901127/chr1_103304997_103901127.fasta.gz
* Entering FMI_search
* Index file found. Loading index from /group/soranzo/davide.bolognini/working/dev/cosigt_on_ukbb/cosigt_ukbrap_small/alleles/chr1/chr1_103304997_103901127/chr1_103304997_103901127.fasta.gz.bwt.2bit.64
* Reference seq len for bi-index = 105916899
* sentinel-index: 43436919
* Count:
0,	1
1,	34408607
2,	52958450
3,	71508293
4,	105916899

* Reading other elements of the index from files /group/soranzo/davide.bolognini/working/dev/cosigt_on_ukbb/cosigt_ukbrap_small/alleles/chr1/chr1_103304997_103901127/chr1_103304997_103901127.fasta.gz
* Index prefix: /group/soranzo/davide.bolognini/working/dev/cosigt_on_ukbb/cosigt_ukbrap_small/alleles/chr1/chr1_103304997_103901127/chr1_103304997_103901127.fasta.gz
* Read 0 ALT contigs
* Done reading Index!!
* Reading reference genome..
* Binary seq file = /group/soranzo/davide.bolognini/working/dev/cosigt_on_ukbb/cosigt_ukbrap_small/alleles/chr1/chr1_103304997_103901127/chr1_103304997_103901127.fasta.gz.0123
* Reference genome size: 105916898 bp
* Done reading reference genome !!

------------------------------------------
1. Memory pre-allocation for Chaining: 1114.7223 MB
2. Memory pre-allocation for BSW: 1916.9362 MB
3. Memory pre-allocation for BWT: 618.5134 MB
------------------------------------------
* Threads used (compute): 8
* No. of pipeline threads: 2

[0000] read_chunk: 80000000, work_chunk_size: 19962300, nseq: 133082
	[0000][ M::kt_pipeline] read 133082 sequences (19962300 bp)...
[0000] Calling mem_process_seqs.., task: 0
[0000] read_chunk: 80000000, work_chunk_size: 0, nseq: 0
[M::kt_pipeline] 896 single-end sequences; 132186 paired-end sequences.....
[0000] 1. Calling kt_for - worker_bwt
[0000] 2. Calling kt_for - worker_aln
[0000] 3. Calling kt_for - worker_sam
	[0000][ M::mem_process_seqs] Processed 896 reads in 0.672 CPU sec, 0.407 real sec
[0000] 1. Calling kt_for - worker_bwt
[0000] 2. Calling kt_for - worker_aln
[0000] Inferring insert size distribution of PE reads from data, l_pac: 52958449, n: 132186
[0000][PE] # candidate unique pairs for (FF, FR, RF, RR): (0, 0, 0, 0)
[0000][PE] skip orientation FF as there are not enough pairs
[0000][PE] skip orientation FR as there are not enough pairs
[0000][PE] skip orientation RF as there are not enough pairs
[0000][PE] skip orientation RR as there are not enough pairs
[0000] 3. Calling kt_for - worker_sam
	[0000][ M::mem_process_seqs] Processed 132186 reads in 61.090 CPU sec, 7.829 real sec
[0000] read_chunk: 80000000, work_chunk_size: 0, nseq: 0
[0000] Computation ends..
No. of OMP threads: 8
Processor is running @2893.537910 MHz
Runtime profile:

	Time taken for main_mem function: 11.02 sec

	IO times (sec) :
	Reading IO time (reads) avg: 0.15, (0.15, 0.15)
	Writing IO time (SAM) avg: 0.72, (0.72, 0.72)
	Reading IO time (Reference Genome) avg: 0.12, (0.12, 0.12)
	Index read time avg: 0.21, (0.21, 0.21)

	Overall time (sec) (Excluding Index reading time):
	PROCESS() (Total compute time + (read + SAM) IO time) : 9.18
	MEM_PROCESS_SEQ() (Total compute time (Kernel + SAM)), avg: 8.24, (8.24, 8.24)

	 SAM Processing time (sec):
	--WORKER_SAM avg: 3.86, (3.86, 3.86)

	Kernels' compute time (sec):
	Total kernel (smem+sal+bsw) time avg: 4.36, (4.36, 4.36)
		SMEM compute avg: 0.43, (0.45, 0.42)
		SAL compute avg: 0.88, (0.89, 0.86)
				MEM_SA avg: 0.22, (0.22, 0.21)

		BSW time, avg: 1.86, (1.98, 1.79)

Important parameter settings: 
	BATCH_SIZE: 512
	MAX_SEQ_LEN_REF: 256
	MAX_SEQ_LEN_QER: 128
	MAX_SEQ_LEN8: 128
	SEEDS_PER_READ: 500
	SIMD_WIDTH8 X: 64
	SIMD_WIDTH16 X: 32
	AVG_SEEDS_PER_READ: 64
[bam_sort_core] merging from 0 files and 8 in-memory blocks...
[M::bam2fq_mainloop] discarded 0 singletons
[M::bam2fq_mainloop] processed 131052 reads
2026/02/11 10:23:24 Input mode: Interleaved (mixed paired/single-end)
2026/02/11 10:23:24 Detected input format: FASTA
2026/02/11 10:23:24 Output format: FASTA
2026/02/11 10:23:24 Loading hybrid index from /group/soranzo/davide.bolognini/working/dev/cosigt_on_ukbb/cosigt_ukbrap_small/kfilt/index/chr1/chr1_103304997_103901127/chr1_103304997_103901127.kfilt.idx...
2026/02/11 10:23:29 Loaded hybrid index: 82996 exact k-mers, 7699340 variants, BK-tree with 82996 nodes
2026/02/11 10:23:29 Hybrid index ready: k=31, 82996 k-mers
2026/02/11 10:23:29 Output compression: enabled (level 6)
2026/02/11 10:23:29 Counting reads...
2026/02/11 10:23:31 Filtering mode: Combined matches for pairs
2026/02/11 10:23:31 Filtering reads (min_matches=1, hamming_dist=0, threads=8)
30812 / 2251531 [>___________________________________________________________________] 1.37% ? p/s ?61667 / 2251531 [->__________________________________________________________________] 2.74% ? p/s ?92546 / 2251531 [-->_________________________________________________________________] 4.11% ? p/s ?123300 / 2251531 [--->____________________________________________________] 5.48% 154136 p/s ETA 13s154069 / 2251531 [--->____________________________________________________] 6.84% 154136 p/s ETA 13s184810 / 2251531 [---->___________________________________________________] 8.21% 154136 p/s ETA 13s215481 / 2251531 [----->__________________________________________________] 9.57% 154103 p/s ETA 13s246577 / 2251531 [------>________________________________________________] 10.95% 154103 p/s ETA 13s277628 / 2251531 [------>________________________________________________] 12.33% 154103 p/s ETA 12s308308 / 2251531 [------->_______________________________________________] 13.69% 154143 p/s ETA 12s324975 / 2251531 [------->_______________________________________________] 14.43% 154143 p/s ETA 12s356254 / 2251531 [-------->______________________________________________] 15.82% 154143 p/s ETA 12s387166 / 2251531 [--------->_____________________________________________] 17.20% 152678 p/s ETA 12s418320 / 2251531 [---------->____________________________________________] 18.58% 152678 p/s ETA 12s450176 / 2251531 [---------->____________________________________________] 19.99% 152678 p/s ETA 11s481119 / 2251531 [----------->___________________________________________] 21.37% 152928 p/s ETA 11s511739 / 2251531 [------------>__________________________________________] 22.73% 152928 p/s ETA 11s543185 / 2251531 [------------->_________________________________________] 24.13% 152928 p/s ETA 11s574401 / 2251531 [-------------->________________________________________] 25.51% 153094 p/s ETA 10s605027 / 2251531 [-------------->________________________________________] 26.87% 153094 p/s ETA 10s636257 / 2251531 [--------------->_______________________________________] 28.26% 153094 p/s ETA 10s667540 / 2251531 [---------------->______________________________________] 29.65% 153232 p/s ETA 10s697748 / 2251531 [----------------->_____________________________________] 30.99% 153232 p/s ETA 10s728513 / 2251531 [------------------>_____________________________________] 32.36% 153232 p/s ETA 9s759962 / 2251531 [------------------>_____________________________________] 33.75% 153283 p/s ETA 9s791024 / 2251531 [------------------->____________________________________] 35.13% 153283 p/s ETA 9s821777 / 2251531 [-------------------->___________________________________] 36.50% 153283 p/s ETA 9s837661 / 2251531 [-------------------->___________________________________] 37.20% 151749 p/s ETA 9s867997 / 2251531 [--------------------->__________________________________] 38.55% 151749 p/s ETA 9s897840 / 2251531 [---------------------->_________________________________] 39.88% 151749 p/s ETA 8s927813 / 2251531 [----------------------->________________________________] 41.21% 151652 p/s ETA 8s958388 / 2251531 [----------------------->________________________________] 42.57% 151652 p/s ETA 8s988764 / 2251531 [------------------------>_______________________________] 43.92% 151652 p/s ETA 8s1019128 / 2251531 [------------------------>______________________________] 45.26% 151684 p/s ETA 8s1049227 / 2251531 [------------------------->_____________________________] 46.60% 151684 p/s ETA 7s1079737 / 2251531 [-------------------------->____________________________] 47.96% 151684 p/s ETA 7s1109524 / 2251531 [--------------------------->___________________________] 49.28% 151622 p/s ETA 7s1140282 / 2251531 [--------------------------->___________________________] 50.64% 151622 p/s ETA 7s1171115 / 2251531 [---------------------------->__________________________] 52.01% 151622 p/s ETA 7s1201336 / 2251531 [----------------------------->_________________________] 53.36% 151712 p/s ETA 6s1231924 / 2251531 [------------------------------>________________________] 54.71% 151712 p/s ETA 6s1263239 / 2251531 [------------------------------>________________________] 56.11% 151712 p/s ETA 6s1294662 / 2251531 [------------------------------->_______________________] 57.50% 151959 p/s ETA 6s1326099 / 2251531 [-------------------------------->______________________] 58.90% 151959 p/s ETA 6s1343133 / 2251531 [-------------------------------->______________________] 59.65% 151959 p/s ETA 5s1373819 / 2251531 [--------------------------------->_____________________] 61.02% 150665 p/s ETA 5s1404943 / 2251531 [---------------------------------->____________________] 62.40% 150665 p/s ETA 5s1436215 / 2251531 [----------------------------------->___________________] 63.79% 150665 p/s ETA 5s1467546 / 2251531 [----------------------------------->___________________] 65.18% 151022 p/s ETA 5s1498994 / 2251531 [------------------------------------>__________________] 66.58% 151022 p/s ETA 4s1530204 / 2251531 [------------------------------------->_________________] 67.96% 151022 p/s ETA 4s1561292 / 2251531 [-------------------------------------->________________] 69.34% 151362 p/s ETA 4s1592352 / 2251531 [-------------------------------------->________________] 70.72% 151362 p/s ETA 4s1623267 / 2251531 [--------------------------------------->_______________] 72.10% 151362 p/s ETA 4s1654584 / 2251531 [---------------------------------------->______________] 73.49% 151626 p/s ETA 3s1685870 / 2251531 [----------------------------------------->_____________] 74.88% 151626 p/s ETA 3s1716837 / 2251531 [----------------------------------------->_____________] 76.25% 151626 p/s ETA 3s1748173 / 2251531 [------------------------------------------>____________] 77.64% 151906 p/s ETA 3s1779817 / 2251531 [------------------------------------------->___________] 79.05% 151906 p/s ETA 3s1811356 / 2251531 [-------------------------------------------->__________] 80.45% 151906 p/s ETA 2s1838540 / 2251531 [----------------------------------------------->__________] 81.66% 153570 p/s 12s2026/02/11 10:23:43 
Filtering complete!
2026/02/11 10:23:43 Total reads: 1838540
2026/02/11 10:23:43   Paired reads: 412991
2026/02/11 10:23:43   Single reads: 1425549
2026/02/11 10:23:43 Kept reads: 2 (0.00%)
2026/02/11 10:23:43 Filtered reads: 1838538 (100.00%)
2026/02/11 10:23:43 Elapsed time: 12.17s
2026/02/11 10:23:43 Throughput: 151043.59 reads/sec
Looking to launch executable "/opt/bwa-mem2-2.2.1_x64-linux/bwa-mem2.avx512bw", simd = .avx512bw
Launching executable "/opt/bwa-mem2-2.2.1_x64-linux/bwa-mem2.avx512bw"
-----------------------------
Executing in AVX512 mode!!
-----------------------------
* SA compression enabled with xfactor: 8
* Ref file: /group/soranzo/davide.bolognini/working/dev/cosigt_on_ukbb/cosigt_ukbrap_small/alleles/chr1/chr1_103304997_103901127/chr1_103304997_103901127.fasta.gz
* Entering FMI_search
* Index file found. Loading index from /group/soranzo/davide.bolognini/working/dev/cosigt_on_ukbb/cosigt_ukbrap_small/alleles/chr1/chr1_103304997_103901127/chr1_103304997_103901127.fasta.gz.bwt.2bit.64
* Reference seq len for bi-index = 105916899
* sentinel-index: 43436919
* Count:
0,	1
1,	34408607
2,	52958450
3,	71508293
4,	105916899

* Reading other elements of the index from files /group/soranzo/davide.bolognini/working/dev/cosigt_on_ukbb/cosigt_ukbrap_small/alleles/chr1/chr1_103304997_103901127/chr1_103304997_103901127.fasta.gz
* Index prefix: /group/soranzo/davide.bolognini/working/dev/cosigt_on_ukbb/cosigt_ukbrap_small/alleles/chr1/chr1_103304997_103901127/chr1_103304997_103901127.fasta.gz
* Read 0 ALT contigs
* Done reading Index!!
* Reading reference genome..
* Binary seq file = /group/soranzo/davide.bolognini/working/dev/cosigt_on_ukbb/cosigt_ukbrap_small/alleles/chr1/chr1_103304997_103901127/chr1_103304997_103901127.fasta.gz.0123
* Reference genome size: 105916898 bp
* Done reading reference genome !!

------------------------------------------
1. Memory pre-allocation for Chaining: 1114.7223 MB
2. Memory pre-allocation for BSW: 1916.9362 MB
3. Memory pre-allocation for BWT: 618.5134 MB
------------------------------------------
* Threads used (compute): 8
* No. of pipeline threads: 2

[0000] read_chunk: 80000000, work_chunk_size: 19658100, nseq: 131054
	[0000][ M::kt_pipeline] read 131054 sequences (19658100 bp)...
[0000] Calling mem_process_seqs.., task: 0
[0000] read_chunk: 80000000, work_chunk_size: 0, nseq: 0
[M::kt_pipeline] 888 single-end sequences; 130166 paired-end sequences.....
[0000] 1. Calling kt_for - worker_bwt
[0000] 2. Calling kt_for - worker_aln
[0000] 3. Calling kt_for - worker_sam
	[0000][ M::mem_process_seqs] Processed 888 reads in 0.705 CPU sec, 0.402 real sec
[0000] 1. Calling kt_for - worker_bwt
[0000] 2. Calling kt_for - worker_aln
[0000] Inferring insert size distribution of PE reads from data, l_pac: 52958449, n: 130166
[0000][PE] # candidate unique pairs for (FF, FR, RF, RR): (0, 0, 0, 0)
[0000][PE] skip orientation FF as there are not enough pairs
[0000][PE] skip orientation FR as there are not enough pairs
[0000][PE] skip orientation RF as there are not enough pairs
[0000][PE] skip orientation RR as there are not enough pairs
[0000] 3. Calling kt_for - worker_sam
	[0000][ M::mem_process_seqs] Processed 130166 reads in 77.809 CPU sec, 10.043 real sec
[0000] read_chunk: 80000000, work_chunk_size: 0, nseq: 0
[0000] Computation ends..
No. of OMP threads: 8
Processor is running @2893.526490 MHz
Runtime profile:

	Time taken for main_mem function: 13.06 sec

	IO times (sec) :
	Reading IO time (reads) avg: 0.15, (0.15, 0.15)
	Writing IO time (SAM) avg: 0.65, (0.65, 0.65)
	Reading IO time (Reference Genome) avg: 0.04, (0.04, 0.04)
	Index read time avg: 0.08, (0.08, 0.08)

	Overall time (sec) (Excluding Index reading time):
	PROCESS() (Total compute time + (read + SAM) IO time) : 11.29
	MEM_PROCESS_SEQ() (Total compute time (Kernel + SAM)), avg: 10.45, (10.45, 10.45)

	 SAM Processing time (sec):
	--WORKER_SAM avg: 4.94, (4.94, 4.94)

	Kernels' compute time (sec):
	Total kernel (smem+sal+bsw) time avg: 5.50, (5.50, 5.50)
		SMEM compute avg: 0.44, (0.46, 0.43)
		SAL compute avg: 0.91, (0.94, 0.87)
				MEM_SA avg: 0.23, (0.24, 0.23)

		BSW time, avg: 2.83, (2.95, 2.74)

Important parameter settings: 
	BATCH_SIZE: 512
	MAX_SEQ_LEN_REF: 256
	MAX_SEQ_LEN_QER: 128
	MAX_SEQ_LEN8: 128
	SEEDS_PER_READ: 500
	SIMD_WIDTH8 X: 64
	SIMD_WIDTH16 X: 32
	AVG_SEEDS_PER_READ: 64
