INFO: localdir at /localscratch/30932201.davide.bolognini
INFO: your job will run on local system.
===================================================================
COSIGT Pipeline - Region: chr1_103304997_103901127 (Chromosome: chr1)
===================================================================
Samples: 2 | Threads: 8
Singularity cache: /group/soranzo/davide.bolognini/working/dev/cosigt_on_ukbb/singularity_cache
Singularity tmp: /tmp
===================================================================

Singularity bind paths: /group/soranzo/davide.bolognini/working/dev/cosigt_on_ukbb,/group/soranzo/davide.bolognini/working/dev/cosigt_on_ukbb/resources,/group/soranzo/davide.bolognini/working/dev/cosigt_on_ukbb/test,/project/ham/cosigt_paper/real_data/data/1000G_realigned/HG00096,/project/ham/cosigt_paper/real_data/data/1000G_realigned/HG00171,/scratch/davide.bolognini/cosigt_master_hgsvcv3_sv_final/pggb/chr1/chr1_103304997_103901127,/tmp

[Setup] Preparing containers...
[Step 1] Processing graph and extracting assemblies
  Extracting assemblies from graph...
  Building BWA-MEM2 index...
ref_seq_len = 105916898
count = 0, 34408606, 52958449, 71508292, 105916898
BWT[43436919] = 4
CP_SHIFT = 6, CP_MASK = 63
sizeof CP_OCC = 64
max_occ_ind = 1654951
[Step 2] ODGI utilities and graph analysis
  Converting to GFA and extracting paths...
[Step 3] Preparing BED files
[Step 4] Building k-mer filter index
  Computing allele-specific k-mers (using pre-built reference DB)...
[Step 5] Filtering low-complexity nodes
  Filtering coverage outliers...
[Step 6] Computing path dissimilarities and clustering
[Step 7] Processing 2 samples
  [Sample: HG00096]
    Extracting mapped reads...
    Using pre-extracted unmapped reads
    Filtering unmapped reads...
    Realigning reads...
    Projecting to graph...
    Computing node coverage...
    Genotyping...
    ✓ Completed
  [Sample: HG00171]
    Extracting mapped reads...
    Using pre-extracted unmapped reads
    Filtering unmapped reads...
    Realigning reads...
    Projecting to graph...
    Computing node coverage...
    Genotyping...
    ✓ Completed
===================================================================
✓ Region chr1_103304997_103901127 completed successfully!
Results: /group/soranzo/davide.bolognini/working/dev/cosigt_on_ukbb/cosigt_ukbrap_small/cosigt/*/chr1/chr1_103304997_103901127/
===================================================================
